<?xml version="1.0" encoding="UTF-8"?>
<!-- Generated by org.testng.reporters.JUnitXMLReporter -->
<testsuite hostname="YuvalW-PC" ignored="0" name="Command line test" tests="5" failures="0" timestamp="27 מרץ 2018 14:29:09 GMT" time="51.267" errors="0">
  <testcase name="testAudiA6" time="0.001" classname="com.expedia.flightsbooking.TestNG_Grouping"/>
  <testcase name="testBMWX6" time="0.0" classname="com.expedia.flightsbooking.TestNG_Grouping"/>
  <testcase name="testHondaCBR" time="0.0" classname="com.expedia.flightsbooking.TestNG_Grouping"/>
  <testcase name="testNinja" time="0.0" classname="com.expedia.flightsbooking.TestNG_Grouping"/>
  <testcase name="fillBasicInfo" time="3.879" classname="com.expedia.flightsbooking.TestNG_TestSuite"/>
</testsuite> <!-- Command line test -->
