<?xml version="1.0" encoding="UTF-8"?>
<!-- Generated by org.testng.reporters.JUnitXMLReporter -->
<testsuite hostname="YuvalW-PC" ignored="2" name="Groups demo" tests="2" failures="0" timestamp="27 מרץ 2018 17:51:33 GMT" time="0.041" errors="0">
  <testcase name="testAudiA6" time="0.001" classname="com.expedia.flightsbooking.TestNG_Grouping"/>
  <testcase name="testBMWX6" time="0.0" classname="com.expedia.flightsbooking.TestNG_Grouping"/>
  <testcase name="testNinja" time="0.0" classname="com.expedia.flightsbooking.TestNG_Grouping">
    <ignored/>
  </testcase> <!-- testNinja -->
  <testcase name="testHondaCBR" time="0.0" classname="com.expedia.flightsbooking.TestNG_Grouping">
    <ignored/>
  </testcase> <!-- testHondaCBR -->
</testsuite> <!-- Groups demo -->
