<?xml version="1.0" encoding="UTF-8"?>
<testsuite xmlns:xsi="http://www.w3.org/2001/XMLSchema-instance" xsi:noNamespaceSchemaLocation="https://maven.apache.org/surefire/maven-surefire-plugin/xsd/surefire-test-report.xsd" name="TestSuite" time="0.746" tests="2" errors="0" skipped="0" failures="0">
  <properties>
[...]
</properties>
  <testcase name="testAudiA6" classname="com.expedia.flightsbooking.TestNG_Grouping" time="0.002"/>
  <testcase name="testBMWX6" classname="com.expedia.flightsbooking.TestNG_Grouping" time="0"/>
</testsuite>