<?xml version="1.0" encoding="UTF-8"?>
<testng-results skipped="0" failed="0" ignored="2" total="4" passed="2">
  <reporter-output>
  </reporter-output>
  <suite name="Regression TestSuite" duration-ms="41" started-at="2018-03-27T17:51:33Z" finished-at="2018-03-27T17:51:33Z">
    <groups>
      <group name="cars">
        <method signature="TestNG_Grouping.testAudiA6()[pri:0, instance:com.expedia.flightsbooking.TestNG_Grouping@addb54]" name="testAudiA6" class="com.expedia.flightsbooking.TestNG_Grouping"/>
        <method signature="TestNG_Grouping.testBMWX6()[pri:0, instance:com.expedia.flightsbooking.TestNG_Grouping@addb54]" name="testBMWX6" class="com.expedia.flightsbooking.TestNG_Grouping"/>
      </group> <!-- cars -->
      <group name="suv">
        <method signature="TestNG_Grouping.testBMWX6()[pri:0, instance:com.expedia.flightsbooking.TestNG_Grouping@addb54]" name="testBMWX6" class="com.expedia.flightsbooking.TestNG_Grouping"/>
      </group> <!-- suv -->
      <group name="sedan">
        <method signature="TestNG_Grouping.testAudiA6()[pri:0, instance:com.expedia.flightsbooking.TestNG_Grouping@addb54]" name="testAudiA6" class="com.expedia.flightsbooking.TestNG_Grouping"/>
      </group> <!-- sedan -->
    </groups>
    <test name="Groups demo" duration-ms="41" started-at="2018-03-27T17:51:33Z" finished-at="2018-03-27T17:51:33Z">
      <class name="com.expedia.flightsbooking.TestNG_Grouping">
        <test-method status="PASS" signature="setUp()[pri:0, instance:com.expedia.flightsbooking.TestNG_Grouping@addb54]" name="setUp" is-config="true" duration-ms="16" started-at="2018-03-27T17:51:33Z" finished-at="2018-03-27T17:51:33Z">
          <reporter-output>
          </reporter-output>
        </test-method> <!-- setUp -->
        <test-method status="PASS" signature="testAudiA6()[pri:0, instance:com.expedia.flightsbooking.TestNG_Grouping@addb54]" name="testAudiA6" duration-ms="1" started-at="2018-03-27T17:51:33Z" finished-at="2018-03-27T17:51:33Z">
          <reporter-output>
          </reporter-output>
        </test-method> <!-- testAudiA6 -->
        <test-method status="PASS" signature="cleanUp()[pri:0, instance:com.expedia.flightsbooking.TestNG_Grouping@addb54]" name="cleanUp" is-config="true" duration-ms="0" started-at="2018-03-27T17:51:33Z" finished-at="2018-03-27T17:51:33Z">
          <reporter-output>
          </reporter-output>
        </test-method> <!-- cleanUp -->
        <test-method status="PASS" signature="testBMWX6()[pri:0, instance:com.expedia.flightsbooking.TestNG_Grouping@addb54]" name="testBMWX6" duration-ms="0" started-at="2018-03-27T17:51:33Z" finished-at="2018-03-27T17:51:33Z">
          <reporter-output>
          </reporter-output>
        </test-method> <!-- testBMWX6 -->
      </class> <!-- com.expedia.flightsbooking.TestNG_Grouping -->
    </test> <!-- Groups demo -->
  </suite> <!-- Regression TestSuite -->
</testng-results>
